[debug] [2020-01-22T22:12:35.860Z] ----------------------------------------------------------------------
[debug] [2020-01-22T22:12:35.862Z] Command:       /Users/jianifan/.nvm/versions/node/v10.13.0/bin/node /Users/jianifan/.nvm/versions/node/v10.13.0/bin/firebase serve
[debug] [2020-01-22T22:12:35.862Z] CLI Version:   7.12.1
[debug] [2020-01-22T22:12:35.862Z] Platform:      darwin
[debug] [2020-01-22T22:12:35.862Z] Node Version:  v10.13.0
[debug] [2020-01-22T22:12:35.863Z] Time:          Wed Jan 22 2020 14:12:35 GMT-0800 (Pacific Standard Time)
[debug] [2020-01-22T22:12:35.863Z] ----------------------------------------------------------------------
[debug] [2020-01-22T22:12:35.863Z] 
[debug] [2020-01-22T22:12:35.870Z] > command requires scopes: ["email","openid","https://www.googleapis.com/auth/cloudplatformprojects.readonly","https://www.googleapis.com/auth/firebase","https://www.googleapis.com/auth/cloud-platform"]
[debug] [2020-01-22T22:12:35.871Z] > authorizing via signed-in user
[debug] [2020-01-22T22:12:35.871Z] [iam] checking project forest-d0bd9 for permissions ["firebase.projects.get"]
[debug] [2020-01-22T22:12:35.874Z] >>> HTTP REQUEST POST https://cloudresourcemanager.googleapis.com/v1/projects/forest-d0bd9:testIamPermissions  

[debug] [2020-01-22T22:12:36.195Z] <<< HTTP RESPONSE 200
[debug] [2020-01-22T22:12:36.197Z] >>> HTTP REQUEST GET https://firebase.googleapis.com/v1beta1/projects/forest-d0bd9  
 
[debug] [2020-01-22T22:12:36.520Z] <<< HTTP RESPONSE 200
[info] 
[info] === Serving from '/Users/jianifan/Desktop/appAcademy_2019/forest'...
[info] 
[debug] [2020-01-22T22:12:36.522Z] >>> HTTP REQUEST GET https://firebase.googleapis.com/v1beta1/projects/forest-d0bd9/webApps/-/config  
 
[debug] [2020-01-22T22:12:36.817Z] <<< HTTP RESPONSE 200
[info] i  hosting: Serving hosting files from: public
[info] ✔  hosting: Local server: http://localhost:5000
